2022-10-03 23:39:06,211 [INFO] Запрос принят
2022-10-03 23:39:06,546 [INFO] Отправил статистику
2022-10-03 23:39:20,748 [INFO] Запрос принят
2022-10-03 23:39:21,080 [INFO] Отправил номер 23
2022-10-03 23:39:21,814 [INFO] Запрос принят
2022-10-03 23:39:22,150 [INFO] Отправил номер 43
2022-10-03 23:40:21,473 [INFO] Запрос принят
2022-10-03 23:40:23,923 [INFO] Запрос принят
2022-10-03 23:40:26,132 [INFO] Запрос принят
2022-10-03 23:40:32,607 [INFO] Запрос принят
2022-10-03 23:40:33,059 [INFO] Не номер ssdssd
2022-10-03 23:40:35,164 [INFO] Запрос принят
2022-10-03 23:40:42,221 [INFO] Запрос принят
2022-10-03 23:40:42,475 [INFO] Отправил /start
2022-10-03 23:40:43,759 [INFO] Запрос принят
2022-10-03 23:40:50,265 [INFO] Запрос принят
2022-10-03 23:40:50,613 [INFO] Отправил номер 23
2022-10-03 23:40:51,598 [INFO] Запрос принят
2022-10-03 23:40:51,861 [INFO] Не номер sdsad
2022-10-03 23:40:55,057 [INFO] Запрос принят
2022-10-03 23:40:55,384 [INFO] Отправил /start
2022-10-03 23:41:41,378 [INFO] Запрос принят
2022-10-03 23:41:41,660 [INFO]     * Отправил /help
2022-10-03 23:41:43,549 [INFO] Запрос принят
2022-10-03 23:41:47,245 [INFO] Запрос принят
2022-10-03 23:41:47,663 [INFO] Отправил номер 54
2022-10-03 23:42:23,659 [INFO] Запрос принят
2022-10-03 23:42:23,962 [INFO] Отправил номер 32
2022-10-03 23:42:27,314 [INFO] Запрос принят
2022-10-03 23:42:27,713 [INFO] Отправил номер 43
2022-10-03 23:42:29,819 [INFO] Запрос принят
2022-10-03 23:43:05,810 [INFO] Запрос принят
2022-10-03 23:43:06,157 [INFO] Отправил номер 23
2022-10-03 23:43:06,904 [INFO] Запрос принят
2022-10-03 23:43:07,239 [INFO] Отправил номер 43
2022-10-03 23:43:10,492 [INFO] Запрос принят
2022-10-03 23:43:10,766 [INFO] Отправил /start
2022-10-03 23:43:12,541 [INFO] Запрос принят
2022-10-03 23:43:12,813 [INFO]     * Отправил /help
2022-10-03 23:43:23,226 [INFO] Запрос принят
2022-10-03 23:43:56,598 [INFO] Запрос принят
2022-10-03 23:44:42,773 [INFO] Запрос принят
2022-10-03 23:44:43,045 [INFO]     * Отправил /help
2022-10-03 23:44:45,083 [INFO] Запрос принят
2022-10-03 23:44:45,434 [INFO] Отправил номер 23
2022-10-03 23:44:46,209 [INFO] Запрос принят
2022-10-03 23:44:46,493 [INFO] Отправил номер 32
2022-10-03 23:44:47,222 [INFO] Запрос принят
2022-10-03 23:44:47,884 [INFO] Отправил номер 332
2022-10-03 23:44:48,616 [INFO] Запрос принят
2022-10-03 23:44:48,896 [INFO] Отправил номер 32
2022-10-03 23:46:33,294 [INFO] Запрос принят
2022-10-03 23:46:33,688 [INFO]     * Отправил номер 43
2022-10-03 23:46:34,559 [INFO] Запрос принят
2022-10-03 23:46:34,964 [INFO]     * Отправил номер 12
2022-10-03 23:46:40,690 [INFO] Запрос принят
2022-10-03 23:46:40,960 [INFO]     * Отправил /help
2022-10-03 23:46:43,836 [INFO] Запрос принят
2022-10-03 23:46:44,077 [INFO]     * Отправил /start
2022-10-03 23:46:45,658 [INFO] Запрос принят
2022-10-03 23:46:45,935 [INFO]     * Отправил сердечко
2022-10-03 23:46:56,357 [INFO] Запрос принят
2022-10-03 23:46:56,645 [INFO]     * Не номер "sddddddddddddddddd"
2022-10-03 23:47:05,536 [INFO] Запрос принят
2022-10-03 23:47:05,799 [ERROR]     * Что-то пошло не так! 'text'
2022-10-04 11:56:57,881 [INFO] Запрос принят
2022-10-04 11:57:01,165 [INFO]     * Отправил статистику
2022-10-04 11:57:05,137 [INFO] Запрос принят
2022-10-04 11:57:05,430 [INFO]     * Отправил статистику
2022-10-04 11:57:07,481 [INFO] Запрос принят
2022-10-04 11:57:07,791 [INFO]     * Отправил /help
2022-10-04 11:57:17,676 [INFO] Запрос принят
2022-10-04 11:57:18,052 [INFO]     * Отправил /start
2022-10-04 11:57:19,221 [INFO] Запрос принят
2022-10-04 11:57:24,807 [INFO]     * Отправил сердечко
2022-10-04 11:57:46,042 [INFO] Запрос принят
2022-10-04 11:57:46,321 [INFO] Кто-то подписался или отписался
2022-10-04 12:32:18,938 [INFO] Запрос принят
2022-10-04 12:32:19,276 [INFO]     * Отправил сердечко
2022-10-04 12:32:24,052 [INFO] Запрос принят
2022-10-04 12:35:28,994 [INFO] Запрос принят
2022-10-04 12:35:29,292 [INFO]     * Отправил /help
2022-10-04 13:17:55,242 [INFO] Запрос принят
2022-10-04 13:17:55,638 [INFO]     * Отправил статистику
2022-10-04 13:32:39,687 [INFO] Запрос принят
2022-10-04 13:32:40,008 [INFO]     * Отправил статистику
2022-10-04 13:35:01,760 [INFO] Запрос принят
2022-10-04 13:35:02,009 [INFO]     * Отправил статистику
2022-10-04 13:35:03,789 [INFO] Запрос принят
2022-10-04 13:35:04,162 [INFO]     * Отправил номер 12
2022-10-04 13:35:05,181 [INFO] Запрос принят
2022-10-04 13:35:05,510 [INFO]     * Отправил номер 23
2022-10-04 13:46:39,976 [INFO] Запрос принят
2022-10-04 13:46:40,277 [INFO]     * Не номер "ку"
2022-10-04 13:46:44,310 [INFO] Запрос принят
2022-10-04 13:46:44,582 [INFO]     * Отправил /help
2022-10-04 13:46:56,655 [INFO] Запрос принят
2022-10-04 13:46:56,918 [INFO]     * Отправил сердечко
2022-10-04 13:47:06,162 [INFO] Запрос принят
2022-10-04 13:47:06,452 [INFO]     * Отправил статистику
2022-10-04 13:52:59,786 [INFO] Запрос принят
2022-10-04 13:53:00,072 [INFO]     * Отправил статистику
2022-10-04 13:58:49,217 [INFO] Запрос принят
2022-10-04 13:58:49,467 [INFO]     * Отправил статистику
2022-10-04 13:58:53,445 [INFO] Запрос принят
2022-10-04 13:58:53,700 [INFO]     * Отправил /help
2022-10-04 14:04:07,665 [INFO] Запрос принят
2022-10-04 14:04:07,924 [INFO]     * Отправил статистику
2022-10-05 00:07:52,564 [INFO] Запрос принят
2022-10-05 00:07:52,866 [INFO]     * Отправил /start
2022-10-05 00:07:55,631 [INFO] Запрос принят
2022-10-05 00:07:55,897 [INFO]     * Отправил сердечко
2022-10-05 00:08:00,361 [INFO] Запрос принят
2022-10-05 00:08:00,630 [INFO]     * Отправил номер 405
2022-10-05 00:08:05,413 [INFO] Запрос принят
2022-10-05 00:08:06,732 [INFO]     * Отправил /help
2022-10-05 00:08:12,678 [INFO] Запрос принят
2022-10-05 00:08:13,060 [INFO]     * Отправил номер 123
2022-10-05 00:33:25,724 [INFO] Запрос принят
2022-10-05 00:33:25,986 [INFO]     * Отправил /help
2022-10-05 00:33:32,378 [INFO] Запрос принят
2022-10-05 00:33:32,654 [INFO]     * Не номер "И"
2022-10-05 00:33:35,088 [INFO] Запрос принят
2022-10-05 00:33:35,350 [INFO]     * Не номер "А"
2022-10-05 00:33:41,358 [INFO] Запрос принят
2022-10-05 00:33:41,635 [INFO]     * Отправил номер 10
2022-10-05 00:33:45,343 [INFO] Запрос принят
2022-10-05 00:33:45,724 [INFO]     * Отправил номер 123
2022-10-05 00:33:53,067 [INFO] Запрос принят
2022-10-05 00:33:53,311 [INFO]     * Не номер "Степа"
2022-10-05 00:34:02,702 [INFO] Запрос принят
2022-10-05 00:34:02,949 [INFO]     * Не номер "Я хочу от тебя детей"
2022-10-05 00:34:05,869 [INFO] Запрос принят
2022-10-05 00:34:06,117 [INFO]     * Отправил сердечко
2022-10-05 01:13:42,307 [INFO] Запрос принят
2022-10-05 01:13:42,576 [INFO]     * Отправил /start
2022-10-05 01:13:50,091 [INFO] Запрос принят
2022-10-05 01:13:50,372 [INFO]     * Отправил номер 96
2022-10-05 01:14:01,175 [INFO] Запрос принят
2022-10-05 01:14:01,451 [INFO]     * Отправил номер 97
2022-10-05 01:25:12,785 [INFO] Запрос принят
2022-10-05 01:25:13,036 [INFO]     * Отправил /start
2022-10-05 01:25:17,943 [INFO] Запрос принят
2022-10-05 01:25:18,367 [INFO]     * Отправил номер 145
2022-10-05 01:25:28,227 [INFO] Запрос принят
2022-10-05 01:25:28,487 [INFO]     * Отправил /help
2022-10-05 07:18:10,768 [INFO] Запрос принят
2022-10-05 07:18:11,112 [INFO]     * Отправил номер 3181
2022-10-05 07:37:01,498 [INFO] Запрос принят
2022-10-05 07:37:01,906 [INFO]     * Отправил номер 3183
2022-10-05 09:06:48,712 [INFO] Запрос принят
2022-10-05 09:06:48,981 [INFO]     * Отправил статистику
2022-10-05 09:39:11,065 [INFO] Запрос принят
2022-10-05 09:39:11,504 [INFO]     * Отправил номер 3213
2022-10-05 10:46:21,274 [INFO] Запрос принят
2022-10-05 10:46:21,530 [INFO]     * Отправил /start
2022-10-05 10:46:28,843 [INFO] Запрос принят
2022-10-05 10:46:29,205 [INFO]     * Отправил номер 123
2022-10-05 10:47:17,887 [INFO] Запрос принят
2022-10-05 10:47:18,260 [INFO]     * Отправил номер 71
2022-10-05 12:46:17,579 [INFO] Запрос принят
2022-10-05 12:46:17,846 [INFO]     * Отправил /start
2022-10-05 12:46:24,533 [INFO] Запрос принят
2022-10-05 12:46:25,023 [INFO]     * Отправил номер 127
2022-10-05 12:46:32,900 [INFO] Запрос принят
2022-10-05 12:46:33,174 [INFO]     * Отправил /help
2022-10-05 12:46:57,118 [INFO] Запрос принят
2022-10-05 12:46:57,403 [INFO] Кто-то подписался или отписался
2022-10-05 18:54:53,293 [INFO] Запрос принят
2022-10-05 18:54:53,622 [INFO]     * Отправил статистику
2022-10-05 19:08:43,245 [INFO] Запрос принят
2022-10-05 19:08:43,564 [INFO]     * Отправил номер 4438
2022-10-05 19:08:49,129 [INFO] Запрос принят
2022-10-05 19:08:49,424 [INFO]     * Отправил номер 4437
2022-10-05 20:23:08,393 [INFO] Запрос принят
2022-10-05 20:23:08,637 [INFO] Кто-то подписался или отписался
2022-10-05 20:23:08,637 [INFO] Запрос принят
2022-10-05 20:23:08,894 [INFO] Кто-то подписался или отписался
2022-10-05 20:30:42,212 [INFO] Запрос принят
2022-10-05 20:30:42,607 [INFO]     * Отправил /start
2022-10-05 20:30:48,912 [INFO] Запрос принят
2022-10-05 20:30:49,224 [INFO]     * Отправил номер 1
2022-10-05 20:30:59,072 [INFO] Запрос принят
2022-10-05 20:30:59,432 [WARNING]     * Не нашел номера 0 в базе
2022-10-05 20:31:03,357 [INFO] Запрос принят
2022-10-05 20:31:03,648 [INFO]     * Не номер "-1"
2022-10-05 20:31:20,733 [INFO] Запрос принят
2022-10-05 20:31:21,024 [INFO]     * Не номер "Не номер"
2022-10-05 20:31:29,396 [INFO] Запрос принят
2022-10-05 20:31:29,689 [INFO]     * Не номер "А ты смешной"
2022-10-05 20:31:38,589 [INFO] Запрос принят
2022-10-05 20:31:39,013 [INFO]     * Отправил номер 1000
2022-10-05 20:31:42,968 [INFO] Запрос принят
2022-10-05 20:31:43,505 [INFO]     * Отправил номер 4000
2022-10-05 20:31:49,081 [INFO] Запрос принят
2022-10-05 20:31:49,384 [WARNING]     * Не нашел номера 8000 в базе
2022-10-05 20:32:05,780 [INFO] Запрос принят
2022-10-05 20:32:06,173 [INFO]     * Отправил номер 4001
2022-10-05 20:32:38,887 [INFO] Запрос принят
2022-10-05 20:32:39,155 [INFO]     * Не номер "Демидович"
2022-10-05 20:32:48,947 [INFO] Запрос принят
2022-10-05 20:32:49,199 [INFO]     * Не номер "Антидемидович"
2022-10-05 20:32:56,461 [INFO] Запрос принят
2022-10-05 20:32:56,717 [INFO]     * Не номер "Решение"
2022-10-05 20:32:58,946 [INFO] Запрос принят
2022-10-05 20:32:59,237 [INFO]     * Отправил /help
2022-10-05 20:33:08,818 [INFO] Запрос принят
2022-10-05 20:33:09,080 [WARNING]     * Не нашел номера 1.5 в базе
2022-10-05 20:33:13,496 [INFO] Запрос принят
2022-10-05 20:33:13,880 [WARNING]     * Не нашел номера 1.0 в базе
2022-10-05 20:33:19,040 [INFO] Запрос принят
2022-10-05 20:33:19,335 [WARNING]     * Не нашел номера 1. в базе
2022-10-05 20:34:02,227 [INFO] Запрос принят
2022-10-05 20:34:02,521 [INFO]     * Отправил сердечко
2022-10-05 20:34:13,103 [INFO] Запрос принят
2022-10-05 20:34:13,372 [INFO]     * Не номер "Полезно, очень"
2022-10-05 20:34:19,130 [INFO] Запрос принят
2022-10-05 20:34:19,380 [INFO]     * Отправил статистику
2022-10-05 20:34:27,276 [INFO] Запрос принят
2022-10-05 20:34:27,552 [INFO]     * Отправил /help
2022-10-05 20:35:02,777 [INFO] Запрос принят
2022-10-05 20:35:03,048 [INFO]     * Отправил сердечко
2022-10-05 20:35:25,764 [INFO] Запрос принят
2022-10-05 20:35:26,036 [INFO]     * Не номер "Может хватит гейских шуток в кАНАЛЕ"
2022-10-05 20:36:30,656 [INFO] Запрос принят
2022-10-05 20:36:30,970 [ERROR]     * Что-то пошло не так! 'text'
2022-10-05 23:07:46,979 [INFO] Запрос принят
2022-10-05 23:07:47,233 [INFO]     * Отправил /start
2022-10-05 23:07:53,430 [INFO] Запрос принят
2022-10-05 23:07:53,838 [INFO]     * Отправил номер 35
2022-10-05 23:07:55,854 [INFO] Запрос принят
2022-10-05 23:07:56,176 [INFO]     * Отправил сердечко
2022-10-06 03:18:33,843 [INFO] Запрос принят
2022-10-06 03:18:34,140 [INFO]     * Отправил статистику
2022-10-06 14:29:29,747 [INFO] Запрос принят
2022-10-06 14:29:30,025 [INFO]     * Отправил /start
2022-10-06 14:29:37,370 [INFO] Запрос принят
2022-10-06 14:29:37,810 [INFO]     * Отправил номер 2190
2022-10-06 14:29:52,967 [INFO] Запрос принят
2022-10-06 14:29:53,803 [INFO]     * Отправил номер 2164
2022-10-06 14:30:36,714 [INFO] Запрос принят
2022-10-06 14:30:37,065 [INFO]     * Отправил статистику
2022-10-06 19:14:42,699 [INFO] Запрос принят
2022-10-06 19:14:42,948 [INFO]     * Отправил статистику
2022-10-06 19:14:47,306 [INFO] Запрос принят
2022-10-06 19:14:47,572 [INFO]     * Отправил сердечко
2022-10-06 20:58:34,298 [INFO] Запрос принят
2022-10-06 20:58:34,578 [INFO]     * Отправил /start
2022-10-06 20:58:38,169 [INFO] Запрос принят
2022-10-06 20:58:38,457 [INFO]     * Отправил сердечко
2022-10-06 20:58:40,036 [INFO] Запрос принят
2022-10-06 20:58:40,421 [INFO]     * Отправил /help
2022-10-06 21:41:29,443 [INFO] Запрос принят
2022-10-06 21:41:29,780 [INFO]     * Отправил номер 231
2022-10-06 21:46:28,454 [INFO] Запрос принят
2022-10-06 21:46:28,836 [INFO]     * Отправил номер 232
2022-10-06 21:53:57,160 [INFO] Запрос принят
2022-10-06 21:53:57,607 [INFO]     * Отправил номер 233
2022-10-06 22:18:46,568 [INFO] Запрос принят
2022-10-06 22:18:46,913 [INFO]     * Отправил номер 231
2022-10-06 22:21:19,996 [INFO] Запрос принят
2022-10-06 22:21:20,373 [INFO]     * Отправил номер 207
2022-10-06 22:23:48,183 [INFO] Запрос принят
2022-10-06 22:23:48,537 [INFO]     * Отправил номер 232
2022-10-06 22:32:16,910 [INFO] Запрос принят
2022-10-06 22:32:17,425 [INFO]     * Отправил номер 233
2022-10-06 22:38:57,016 [INFO] Запрос принят
2022-10-06 22:38:57,363 [INFO]     * Отправил /start
2022-10-06 22:39:01,090 [INFO] Запрос принят
2022-10-06 22:39:01,368 [INFO]     * Отправил сердечко
2022-10-06 22:39:03,256 [INFO] Запрос принят
2022-10-06 22:39:03,563 [INFO]     * Отправил сердечко
2022-10-06 22:39:04,326 [INFO] Запрос принят
2022-10-06 22:39:04,638 [INFO]     * Отправил сердечко
2022-10-06 22:39:11,190 [INFO] Запрос принят
2022-10-06 22:39:11,516 [INFO]     * Отправил номер 231
2022-10-06 22:39:54,057 [INFO] Запрос принят
2022-10-06 22:39:54,321 [INFO]     * Отправил сердечко
2022-10-06 22:44:43,408 [INFO] Запрос принят
2022-10-06 22:44:43,745 [INFO]     * Отправил статистику
2022-10-06 22:45:23,087 [INFO] Запрос принят
2022-10-06 22:45:23,435 [INFO]     * Отправил номер 207
2022-10-06 22:54:06,058 [INFO] Запрос принят
2022-10-06 22:54:06,397 [INFO]     * Отправил номер 232
2022-10-06 22:59:59,222 [INFO] Запрос принят
2022-10-06 22:59:59,656 [INFO]     * Отправил номер 233
2022-10-06 23:05:53,869 [INFO] Запрос принят
2022-10-06 23:06:05,928 [INFO] Запрос принят
2022-10-06 23:06:22,347 [INFO] Запрос принят
2022-10-06 23:06:22,619 [ERROR]     * Что-то пошло не так! 'text'
2022-10-06 23:06:29,182 [INFO] Запрос принят
2022-10-06 23:06:37,750 [INFO] Запрос принят
2022-10-06 23:06:51,051 [INFO] Запрос принят
2022-10-06 23:07:02,211 [INFO] Запрос принят
2022-10-06 23:07:11,620 [INFO] Запрос принят
2022-10-06 23:07:21,349 [INFO] Запрос принят
2022-10-06 23:07:34,168 [INFO] Запрос принят
2022-10-06 23:07:43,114 [INFO] Запрос принят
2022-10-06 23:07:58,378 [INFO] Запрос принят
2022-10-06 23:23:16,578 [INFO] Запрос принят
2022-10-06 23:23:16,922 [INFO]     * Отправил номер 232
2022-10-06 23:23:51,519 [INFO] Запрос принят
2022-10-06 23:23:51,929 [INFO]     * Отправил номер 233
2022-10-07 09:10:43,523 [INFO] Запрос принят
2022-10-07 09:10:43,949 [INFO]     * Отправил номер 233
2022-10-07 09:48:01,466 [INFO] Запрос принят
2022-10-07 09:48:01,872 [INFO]     * Отправил номер 42
2022-10-07 09:48:02,628 [INFO] Запрос принят
2022-10-07 09:48:02,962 [INFO]     * Отправил номер 42
2022-10-07 09:48:06,153 [INFO] Запрос принят
2022-10-07 09:48:06,534 [INFO]     * Отправил номер 42
2022-10-07 09:48:44,179 [INFO] Запрос принят
2022-10-07 09:48:44,558 [INFO]     * Отправил номер 42
2022-10-07 09:57:04,402 [INFO] Запрос принят
2022-10-07 09:57:04,752 [INFO]     * Отправил номер 43
2022-10-07 09:57:13,849 [INFO] Запрос принят
2022-10-07 09:57:14,236 [INFO]     * Отправил номер 43
2022-10-07 10:01:24,667 [INFO] Запрос принят
2022-10-07 10:01:24,925 [INFO]     * Отправил статистику
2022-10-07 10:04:58,121 [INFO] Запрос принят
2022-10-07 10:04:58,447 [INFO]     * Отправил номер 231
2022-10-07 10:07:58,544 [INFO] Запрос принят
2022-10-07 10:07:58,874 [INFO]     * Отправил номер 207
2022-10-07 10:18:24,111 [INFO] Запрос принят
2022-10-07 10:18:24,532 [INFO]     * Отправил номер 48
2022-10-07 10:18:25,636 [INFO] Запрос принят
2022-10-07 10:18:26,056 [INFO]     * Отправил номер 48
2022-10-07 10:21:07,523 [INFO] Запрос принят
2022-10-07 10:21:07,867 [INFO]     * Отправил номер 232
2022-10-07 10:26:43,202 [INFO] Запрос принят
2022-10-07 10:26:43,620 [INFO]     * Отправил номер 123
2022-10-07 10:26:46,979 [INFO] Запрос принят
2022-10-07 10:26:47,295 [INFO]     * Не номер "хуй"
2022-10-07 10:26:50,892 [INFO] Запрос принят
2022-10-07 10:26:51,162 [INFO]     * Отправил сердечко
2022-10-07 10:26:53,502 [INFO] Запрос принят
2022-10-07 10:26:53,854 [INFO]     * Отправил сердечко
2022-10-07 10:26:54,593 [INFO] Запрос принят
2022-10-07 10:26:54,892 [INFO]     * Отправил сердечко
2022-10-07 10:26:54,892 [INFO] Запрос принят
2022-10-07 10:26:55,164 [INFO]     * Отправил сердечко
2022-10-07 10:26:55,902 [INFO] Запрос принят
2022-10-07 10:26:56,156 [INFO]     * Отправил сердечко
2022-10-07 10:26:56,156 [INFO] Запрос принят
2022-10-07 10:26:56,465 [INFO]     * Отправил сердечко
2022-10-07 10:26:56,465 [INFO] Запрос принят
2022-10-07 10:26:56,784 [INFO]     * Отправил сердечко
2022-10-07 10:26:56,784 [INFO] Запрос принят
2022-10-07 10:26:57,075 [INFO]     * Отправил сердечко
2022-10-07 10:26:57,075 [INFO] Запрос принят
2022-10-07 10:26:57,335 [INFO]     * Отправил сердечко
2022-10-07 10:26:57,336 [INFO] Запрос принят
2022-10-07 10:26:57,586 [INFO]     * Отправил сердечко
2022-10-07 10:26:57,586 [INFO] Запрос принят
2022-10-07 10:26:57,855 [INFO]     * Отправил сердечко
2022-10-07 10:26:58,596 [INFO] Запрос принят
2022-10-07 10:26:58,880 [INFO]     * Отправил сердечко
2022-10-07 10:26:58,880 [INFO] Запрос принят
2022-10-07 10:26:59,153 [INFO]     * Отправил сердечко
2022-10-07 10:26:59,153 [INFO] Запрос принят
2022-10-07 10:26:59,429 [INFO]     * Отправил сердечко
2022-10-07 10:26:59,429 [INFO] Запрос принят
2022-10-07 10:26:59,713 [INFO]     * Отправил сердечко
2022-10-07 10:26:59,714 [INFO] Запрос принят
2022-10-07 10:26:59,998 [INFO]     * Отправил сердечко
2022-10-07 10:26:59,998 [INFO] Запрос принят
2022-10-07 10:27:00,298 [INFO]     * Отправил сердечко
2022-10-07 10:27:00,298 [INFO] Запрос принят
2022-10-07 10:27:00,568 [INFO]     * Отправил сердечко
2022-10-07 10:27:00,568 [INFO] Запрос принят
2022-10-07 10:27:00,825 [INFO]     * Отправил сердечко
2022-10-07 10:27:00,826 [INFO] Запрос принят
2022-10-07 10:27:01,170 [INFO]     * Отправил сердечко
2022-10-07 10:27:01,170 [INFO] Запрос принят
2022-10-07 10:27:01,540 [INFO]     * Отправил сердечко
2022-10-07 10:27:01,540 [INFO] Запрос принят
2022-10-07 10:27:01,817 [INFO]     * Отправил сердечко
2022-10-07 10:27:05,074 [INFO] Запрос принят
2022-10-07 10:27:05,382 [INFO]     * Отправил сердечко
2022-10-07 10:27:09,496 [INFO] Запрос принят
2022-10-07 10:27:09,738 [INFO]     * Отправил сердечко
2022-10-07 10:31:07,601 [INFO] Запрос принят
2022-10-07 10:31:08,005 [INFO]     * Отправил номер 47
2022-10-07 10:35:17,597 [INFO] Запрос принят
2022-10-07 10:35:17,921 [INFO]     * Не номер "-ё—2322332"
2022-10-07 10:35:19,501 [INFO] Запрос принят
2022-10-07 10:35:19,754 [WARNING]     * Не нашел номера 342342 в базе
2022-10-07 10:35:22,578 [INFO] Запрос принят
2022-10-07 10:35:22,820 [INFO]     * Не номер "23э"
2022-10-07 10:35:24,983 [INFO] Запрос принят
2022-10-07 10:35:25,336 [INFO]     * Отправил номер 123
2022-10-07 10:35:26,816 [INFO] Запрос принят
2022-10-07 10:35:27,172 [INFO]     * Отправил номер 231
2022-10-07 10:35:28,584 [INFO] Запрос принят
2022-10-07 10:35:28,852 [INFO]     * Не номер "3225э"
2022-10-07 10:35:30,405 [INFO] Запрос принят
2022-10-07 10:35:30,667 [INFO]     * Не номер "ц234546"
2022-10-07 10:35:31,524 [INFO] Запрос принят
2022-10-07 10:35:31,817 [INFO]     * Отправил номер 4
2022-10-07 10:35:32,544 [INFO] Запрос принят
2022-10-07 10:35:32,802 [INFO]     * Не номер "56э"
2022-10-07 10:35:33,548 [INFO] Запрос принят
2022-10-07 10:35:33,981 [INFO]     * Отправил номер 6
2022-10-07 12:40:31,557 [INFO] Запрос принят
2022-10-07 12:40:31,885 [INFO]     * Отправил номер 23
2022-10-07 12:40:47,049 [INFO] Запрос принят
2022-10-07 12:40:47,319 [INFO]     * Отправил статистику
2022-10-07 12:45:01,906 [INFO] Запрос принят
2022-10-07 12:45:02,335 [INFO]     * Отправил номер 56
2022-10-07 13:41:01,332 [INFO] Запрос принят
2022-10-07 13:41:01,726 [INFO]     * Отправил номер 900
2022-10-07 13:41:09,464 [INFO] Запрос принят
2022-10-07 13:41:09,917 [INFO]     * Отправил номер 1500
2022-10-07 13:41:17,176 [INFO] Запрос принят
2022-10-07 13:41:17,654 [INFO]     * Отправил номер 1300
2022-10-07 16:13:30,426 [INFO] Запрос принят
2022-10-07 16:13:30,726 [INFO]     * Отправил статистику
2022-10-08 02:34:41,011 [INFO] Запрос принят
2022-10-08 02:34:41,263 [INFO]     * Отправил /start
2022-10-08 02:34:45,520 [INFO] Запрос принят
2022-10-08 02:34:45,863 [INFO]     * Отправил номер 333
2022-10-08 02:34:50,999 [INFO] Запрос принят
2022-10-08 02:34:51,368 [INFO]     * Отправил номер 777
2022-10-08 02:34:54,165 [INFO] Запрос принят
2022-10-08 02:34:54,523 [INFO]     * Отправил номер 666
2022-10-08 09:00:11,263 [INFO] Запрос принят
2022-10-08 09:00:11,521 [INFO]     * Отправил /start
2022-10-08 09:00:17,729 [INFO] Запрос принят
2022-10-08 09:00:18,114 [INFO]     * Отправил номер 228
2022-10-08 09:43:49,864 [INFO] Запрос принят
2022-10-08 09:43:50,134 [INFO]     * Отправил /help
2022-10-08 09:43:56,392 [INFO] Запрос принят
2022-10-08 09:43:56,754 [INFO]     * Отправил номер 340
2022-10-08 10:40:09,115 [INFO] Запрос принят
2022-10-08 10:40:09,451 [INFO]     * Отправил /help
2022-10-08 10:40:24,279 [INFO] Запрос принят
2022-10-08 10:40:24,562 [INFO]     * Отправил статистику
2022-10-08 13:58:11,565 [INFO] Запрос принят
2022-10-08 13:58:11,826 [INFO]     * Отправил статистику
2022-10-08 14:39:06,967 [INFO] Запрос принят
2022-10-08 14:39:07,323 [INFO]     * Отправил сердечко
2022-10-08 14:39:09,432 [INFO] Запрос принят
2022-10-08 14:39:09,944 [INFO]     * Отправил номер 56
2022-10-08 14:39:12,244 [INFO] Запрос принят
2022-10-08 14:39:12,677 [INFO]     * Отправил номер 37
2022-10-08 16:43:14,082 [INFO] Запрос принят
2022-10-08 16:43:14,500 [INFO]     * Отправил номер 65
2022-10-09 00:31:35,768 [INFO] Запрос принят
2022-10-09 00:31:36,187 [INFO]     * Отправил номер 12
2022-10-09 13:17:40,989 [INFO] Запрос принят
2022-10-09 13:17:41,419 [INFO]     * Отправил номер 42
2022-10-09 13:55:34,501 [INFO] Запрос принят
2022-10-09 13:55:34,863 [INFO]     * Отправил номер 43
2022-10-09 13:59:45,854 [INFO] Запрос принят
2022-10-09 13:59:46,304 [INFO]     * Отправил номер 46
2022-10-09 14:45:51,873 [INFO] Запрос принят
2022-10-09 14:45:52,158 [INFO]     * Отправил статистику
2022-10-09 22:53:38,525 [INFO] Запрос принят
2022-10-09 22:53:38,901 [INFO]     * Отправил номер 207
2022-10-09 22:58:29,900 [INFO] Запрос принят
2022-10-09 22:58:30,276 [INFO]     * Отправил номер 209
2022-10-09 23:03:09,196 [INFO] Запрос принят
2022-10-09 23:03:09,632 [INFO]     * Отправил номер 231
2022-10-09 23:06:11,218 [INFO] Запрос принят
2022-10-09 23:06:11,748 [INFO]     * Отправил номер 232
2022-10-09 23:48:06,196 [INFO] Запрос принят
2022-10-09 23:48:06,563 [INFO]     * Отправил номер 66
2022-10-10 00:42:50,475 [INFO] Запрос принят
2022-10-10 00:42:50,816 [INFO]     * Отправил номер 207
2022-10-10 00:53:12,173 [INFO] Запрос принят
2022-10-10 00:53:12,495 [INFO]     * Отправил номер 232
2022-10-10 01:26:18,626 [INFO] Запрос принят
2022-10-10 01:26:18,961 [INFO]     * Отправил номер 209
2022-10-10 01:26:22,186 [INFO] Запрос принят
2022-10-10 01:26:22,529 [INFO]     * Отправил номер 231
2022-10-10 01:26:24,430 [INFO] Запрос принят
2022-10-10 01:26:24,782 [INFO]     * Отправил номер 232
2022-10-10 01:54:19,018 [INFO] Запрос принят
2022-10-10 01:54:19,327 [INFO]     * Отправил /start
2022-10-10 01:54:26,452 [INFO] Запрос принят
2022-10-10 01:54:26,815 [INFO]     * Отправил номер 40
2022-10-10 02:18:37,419 [INFO] Запрос принят
2022-10-10 02:18:37,693 [INFO]     * Отправил статистику
2022-10-10 08:56:48,086 [INFO] Запрос принят
2022-10-10 08:56:48,431 [INFO]     * Отправил номер 232
2022-10-10 09:07:10,168 [INFO] Запрос принят
2022-10-10 09:07:10,635 [INFO]     * Отправил номер 78
2022-10-10 09:10:14,289 [INFO] Запрос принят
2022-10-10 09:10:14,729 [INFO]     * Отправил номер 233
2022-10-10 09:10:18,551 [INFO] Запрос принят
2022-10-10 09:10:18,984 [INFO]     * Отправил номер 233
2022-10-10 09:10:19,915 [INFO] Запрос принят
2022-10-10 09:10:20,303 [INFO]     * Отправил номер 233
2022-10-10 09:10:22,828 [INFO] Запрос принят
2022-10-10 09:10:23,211 [INFO]     * Отправил номер 233
2022-10-10 09:10:27,224 [INFO] Запрос принят
2022-10-10 09:10:27,498 [INFO]     * Отправил /start
2022-10-10 09:10:28,260 [INFO] Запрос принят
2022-10-10 09:10:28,512 [INFO]     * Отправил сердечко
2022-10-10 09:10:30,903 [INFO] Запрос принят
2022-10-10 09:10:31,311 [INFO]     * Отправил номер 233
2022-10-10 09:25:29,328 [INFO] Запрос принят
2022-10-10 09:25:29,715 [INFO]     * Отправил номер 233
2022-10-10 09:35:36,043 [INFO] Запрос принят
2022-10-10 09:35:36,404 [INFO]     * Отправил номер 123
2022-10-10 10:05:31,320 [INFO] Запрос принят
2022-10-10 10:05:31,705 [INFO]     * Отправил номер 242
2022-10-10 10:05:42,992 [INFO] Запрос принят
2022-10-10 10:05:43,330 [INFO]     * Отправил номер 42
2022-10-10 10:06:09,675 [INFO] Запрос принят
2022-10-10 10:06:10,024 [INFO]     * Отправил номер 42
2022-10-10 10:06:19,486 [INFO] Запрос принят
2022-10-10 10:06:19,758 [INFO]     * Отправил /start
2022-10-10 10:06:43,641 [INFO] Запрос принят
2022-10-10 10:06:43,894 [INFO]     * Не номер "6.4.3"
2022-10-10 10:07:08,938 [INFO] Запрос принят
2022-10-10 10:07:09,241 [INFO]     * Отправил номер 8
2022-10-10 10:07:27,244 [INFO] Запрос принят
2022-10-10 10:07:27,586 [INFO]     * Отправил /start
2022-10-10 10:07:35,972 [INFO] Запрос принят
2022-10-10 10:07:36,343 [INFO]     * Отправил номер 42
2022-10-10 10:13:51,814 [INFO] Запрос принят
2022-10-10 10:13:52,150 [INFO]     * Отправил номер 43
2022-10-10 10:13:52,909 [INFO] Запрос принят
2022-10-10 10:13:53,241 [INFO]     * Отправил номер 43
2022-10-10 10:13:53,241 [INFO] Запрос принят
2022-10-10 10:13:53,564 [INFO]     * Отправил номер 43
2022-10-10 10:13:58,134 [INFO] Запрос принят
2022-10-10 10:13:58,483 [INFO]     * Отправил номер 43
2022-10-10 10:14:14,274 [INFO] Запрос принят
2022-10-10 10:14:14,596 [INFO]     * Отправил номер 43
2022-10-10 10:20:39,934 [INFO] Запрос принят
2022-10-10 10:20:40,333 [INFO]     * Отправил номер 46
2022-10-10 10:21:13,394 [INFO] Запрос принят
2022-10-10 10:21:13,868 [INFO]     * Отправил номер 48
2022-10-10 10:21:14,595 [INFO] Запрос принят
2022-10-10 10:21:15,007 [INFO]     * Отправил номер 48
2022-10-10 10:21:16,106 [INFO] Запрос принят
2022-10-10 10:21:16,520 [INFO]     * Отправил номер 48
2022-10-10 10:21:23,694 [INFO] Запрос принят
2022-10-10 10:21:24,399 [INFO]     * Отправил номер 48
2022-10-10 10:21:25,138 [INFO] Запрос принят
2022-10-10 10:21:25,553 [INFO]     * Отправил номер 48
2022-10-10 10:23:32,679 [INFO] Запрос принят
2022-10-10 10:23:33,107 [INFO]     * Отправил номер 47
2022-10-10 10:27:56,348 [INFO] Запрос принят
2022-10-10 10:27:56,597 [INFO]     * Отправил /start
2022-10-10 10:32:37,296 [INFO] Запрос принят
2022-10-10 10:32:37,716 [INFO]     * Отправил номер 6
2022-10-10 10:32:41,487 [INFO] Запрос принят
2022-10-10 10:32:41,816 [WARNING]     * Не нашел номера 6.4 в базе
2022-10-10 10:32:45,218 [INFO] Запрос принят
2022-10-10 10:32:45,552 [INFO] Измененное сообщение
2022-10-10 10:32:52,767 [INFO] Запрос принят
2022-10-10 10:32:53,004 [INFO]     * Не номер "6.4.3"
2022-10-10 10:32:55,231 [INFO] Запрос принят
2022-10-10 10:32:55,480 [INFO]     * Отправил номер 8
2022-10-10 10:32:57,738 [INFO] Запрос принят
2022-10-10 10:32:58,026 [INFO]     * Отправил номер 7
2022-10-10 10:33:00,480 [INFO] Запрос принят
2022-10-10 10:33:00,790 [INFO]     * Отправил номер 6
2022-10-10 10:33:13,242 [INFO] Запрос принят
2022-10-10 10:33:13,635 [INFO]     * Отправил номер 233
2022-10-10 10:33:21,175 [INFO] Запрос принят
2022-10-10 10:33:21,640 [INFO]     * Отправил номер 42
2022-10-10 10:33:42,629 [INFO] Запрос принят
2022-10-10 10:33:42,882 [INFO]     * Отправил статистику
2022-10-10 11:31:04,842 [INFO] Запрос принят
2022-10-10 11:31:16,877 [INFO]     * Отправил /start
2022-10-10 11:31:17,611 [INFO] Запрос принят
2022-10-10 11:31:22,982 [INFO]     * Отправил номер 123
2022-10-10 11:33:40,090 [INFO] Запрос принят
2022-10-10 11:33:46,249 [INFO]     * Отправил номер 1337
2022-10-10 11:38:28,066 [INFO] Запрос принят
2022-10-10 11:38:30,659 [INFO]     * Отправил /start
2022-10-10 11:38:38,768 [INFO] Запрос принят
2022-10-10 11:38:43,557 [INFO]     * Отправил номер 57
2022-10-10 11:45:22,477 [INFO] Запрос принят
2022-10-10 11:45:27,823 [INFO]     * Не номер "мамы Ильи Ковальчука"
2022-10-10 11:45:50,615 [INFO] Запрос принят
2022-10-10 11:45:55,878 [INFO]     * Отправил сердечко
2022-10-10 12:10:44,827 [INFO] Запрос принят
2022-10-10 12:10:49,723 [WARNING]     * Не нашел номера 0 в базе
2022-10-10 12:10:52,782 [INFO] Запрос принят
2022-10-10 12:11:02,937 [INFO]     * Отправил номер 1
2022-10-10 12:11:09,515 [INFO] Запрос принят
2022-10-10 12:11:14,780 [WARNING]     * Не нашел номера 100000000000000000000000000000000000000000 в базе
2022-10-10 12:29:38,692 [INFO] Запрос принят
2022-10-10 12:29:39,113 [INFO]     * Отправил номер 42
2022-10-10 12:31:01,748 [INFO] Запрос принят
2022-10-10 12:31:07,106 [INFO]     * Отправил номер 43
2022-10-10 12:31:23,756 [INFO] Запрос принят
2022-10-10 12:31:28,187 [INFO]     * Отправил номер 42
2022-10-10 12:33:15,085 [INFO] Запрос принят
2022-10-10 12:33:18,628 [INFO]     * Отправил номер 46
2022-10-10 12:39:10,015 [INFO] Запрос принят
2022-10-10 12:39:14,936 [INFO]     * Отправил номер 46
2022-10-10 12:50:24,450 [INFO] Запрос принят
2022-10-10 12:50:27,238 [INFO]     * Отправил статистику
2022-10-10 12:50:28,016 [INFO] Запрос принят
2022-10-10 12:50:29,878 [INFO]     * Отправил статистику
2022-10-10 12:53:53,632 [INFO] Запрос принят
2022-10-10 12:53:53,909 [INFO]     * Отправил статистику
2022-10-10 12:57:06,795 [INFO] Запрос принят
2022-10-10 12:57:07,092 [INFO]     * Отправил сердечко
2022-10-10 12:57:10,371 [INFO] Запрос принят
2022-10-10 12:57:10,963 [INFO]     * Отправил номер 3257
2022-10-10 12:57:12,563 [INFO] Запрос принят
2022-10-10 12:57:13,036 [INFO]     * Отправил номер 3257
2022-10-10 12:57:34,900 [INFO] Запрос принят
2022-10-10 12:57:35,435 [INFO]     * Отправил номер 3257
2022-10-10 12:58:07,851 [INFO] Запрос принят
2022-10-10 12:58:08,308 [INFO]     * Отправил номер 3257
2022-10-10 13:00:20,942 [INFO] Запрос принят
2022-10-10 13:00:22,567 [INFO]     * Отправил номер 3257
2022-10-10 13:03:07,162 [INFO] Запрос принят
2022-10-10 13:03:10,194 [INFO]     * Отправил /start
2022-10-10 13:03:18,186 [INFO] Запрос принят
2022-10-10 13:03:22,412 [INFO]     * Отправил номер 3257
2022-10-10 13:03:23,145 [INFO] Запрос принят
2022-10-10 13:03:30,506 [INFO]     * Отправил номер 3276
2022-10-10 13:03:31,300 [INFO] Запрос принят
2022-10-10 13:03:33,940 [INFO]     * Отправил номер 3276
2022-10-10 13:03:33,941 [INFO] Запрос принят
2022-10-10 13:03:36,234 [INFO]     * Отправил номер 3276
2022-10-10 13:03:36,991 [INFO] Запрос принят
2022-10-10 13:03:38,863 [INFO]     * Отправил номер 3276
2022-10-10 13:03:38,864 [INFO] Запрос принят
2022-10-10 13:03:40,559 [INFO]     * Отправил номер 3276
2022-10-10 13:04:12,970 [INFO] Запрос принят
2022-10-10 13:04:13,400 [INFO]     * Отправил номер 3276
2022-10-10 13:04:18,110 [INFO] Запрос принят
2022-10-10 13:04:18,502 [INFO]     * Отправил номер 3276
2022-10-10 13:14:10,288 [INFO] Запрос принят
2022-10-10 13:14:10,595 [INFO]     * Отправил статистику
2022-10-10 13:21:50,502 [INFO] Запрос принят
2022-10-10 13:21:52,453 [INFO] Запрос принят
2022-10-10 13:21:52,911 [INFO]     * Отправил номер 53
2022-10-10 13:21:53,655 [INFO] Запрос принят
2022-10-10 13:21:54,162 [INFO]     * Отправил номер 53
2022-10-10 13:21:54,921 [INFO] Запрос принят
2022-10-10 13:21:55,461 [INFO]     * Отправил номер 53
2022-10-10 13:21:56,224 [INFO] Запрос принят
2022-10-10 13:21:56,877 [INFO]     * Отправил номер 53
2022-10-10 13:21:57,611 [INFO] Запрос принят
2022-10-10 13:21:58,109 [INFO]     * Отправил номер 53
2022-10-10 13:22:07,595 [INFO] Запрос принят
2022-10-10 13:22:08,133 [INFO]     * Отправил номер 3341
2022-10-10 13:22:11,128 [INFO] Запрос принят
2022-10-10 13:22:11,533 [INFO]     * Отправил номер 3341
2022-10-10 13:22:18,204 [INFO] Запрос принят
2022-10-10 13:22:18,679 [INFO]     * Отправил номер 3341
2022-10-10 13:22:24,531 [INFO] Запрос принят
2022-10-10 13:22:24,894 [INFO]     * Отправил номер 3341
2022-10-10 13:22:35,229 [INFO] Запрос принят
2022-10-10 13:22:35,616 [INFO]     * Отправил сердечко
2022-10-10 13:22:36,357 [INFO] Запрос принят
2022-10-10 13:22:36,748 [INFO]     * Отправил номер 3341
2022-10-10 13:22:55,114 [INFO] Запрос принят
2022-10-10 13:22:55,652 [INFO]     * Отправил номер 53
2022-10-10 13:23:02,120 [INFO] Запрос принят
2022-10-10 13:23:02,413 [INFO]     * Отправил статистику
2022-10-10 13:23:13,108 [INFO] Запрос принят
2022-10-10 13:23:13,454 [INFO]     * Отправил сердечко
2022-10-10 13:23:35,451 [INFO] Запрос принят
2022-10-10 13:23:35,783 [INFO]     * Отправил сердечко
2022-10-10 13:23:39,421 [INFO] Запрос принят
2022-10-10 13:23:39,824 [INFO]     * Отправил номер 3341
2022-10-10 13:26:34,875 [INFO] Запрос принят
2022-10-10 13:26:35,358 [INFO]     * Отправил статистику
2022-10-10 13:26:39,826 [INFO] Запрос принят
2022-10-10 13:26:40,219 [INFO]     * Отправил /help
2022-10-10 13:28:12,475 [INFO] Запрос принят
2022-10-10 13:28:12,854 [INFO]     * Отправил /help
2022-10-10 13:28:18,494 [INFO] Запрос принят
2022-10-10 13:28:18,817 [INFO]     * Отправил статистику
2022-10-10 13:28:26,635 [INFO] Запрос принят
2022-10-10 13:28:27,020 [INFO]     * Отправил /start
2022-10-10 13:28:27,780 [INFO] Запрос принят
2022-10-10 13:28:28,256 [INFO]     * Отправил номер 3342
2022-10-10 13:28:30,644 [INFO] Запрос принят
2022-10-10 13:28:30,942 [INFO]     * Отправил сердечко
2022-10-10 13:28:59,742 [INFO] Запрос принят
2022-10-10 13:29:00,179 [INFO]     * Отправил /help
2022-10-10 13:29:06,357 [INFO] Запрос принят
2022-10-10 13:29:07,298 [INFO]     * Отправил номер 3342
2022-10-10 13:29:33,677 [INFO] Запрос принят
2022-10-10 13:29:34,120 [INFO]     * Отправил номер 3342
2022-10-10 13:29:35,859 [INFO] Запрос принят
2022-10-10 13:29:36,299 [INFO]     * Отправил номер 3342
2022-10-10 13:37:15,722 [INFO] Запрос принят
2022-10-10 13:37:16,040 [INFO]     * Отправил статистику
2022-10-10 13:38:12,594 [INFO] Запрос принят
2022-10-10 13:38:13,060 [INFO]     * Отправил номер 56
2022-10-10 13:40:20,251 [INFO] Запрос принят
2022-10-10 13:40:20,655 [INFO]     * Отправил номер 3347
2022-10-10 13:40:26,678 [INFO] Запрос принят
2022-10-10 13:40:27,252 [INFO]     * Отправил номер 3347
2022-10-10 13:40:41,176 [INFO] Запрос принят
2022-10-10 13:40:41,585 [INFO]     * Отправил номер 3347
2022-10-10 13:40:48,549 [INFO] Запрос принят
2022-10-10 13:40:48,839 [INFO]     * Отправил номер 3347
2022-10-10 13:40:50,057 [INFO] Запрос принят
2022-10-10 13:40:50,350 [INFO]     * Отправил номер 3347
2022-10-10 13:41:08,124 [INFO] Запрос принят
2022-10-10 13:41:08,473 [INFO]     * Отправил номер 3347
2022-10-10 13:41:32,317 [INFO] Запрос принят
2022-10-10 13:41:32,732 [INFO]     * Отправил номер 58
2022-10-10 13:41:33,474 [INFO] Запрос принят
2022-10-10 13:41:33,824 [INFO]     * Отправил номер 58
2022-10-10 13:41:34,559 [INFO] Запрос принят
2022-10-10 13:41:35,013 [INFO]     * Отправил номер 58
2022-10-10 13:41:35,781 [INFO] Запрос принят
2022-10-10 13:41:36,285 [INFO]     * Отправил номер 58
2022-10-10 13:41:36,286 [INFO] Запрос принят
2022-10-10 13:41:36,770 [INFO]     * Отправил номер 58
2022-10-10 13:41:37,501 [INFO] Запрос принят
2022-10-10 13:41:38,004 [INFO]     * Отправил номер 58
2022-10-10 13:41:38,004 [INFO] Запрос принят
2022-10-10 13:41:38,432 [INFO]     * Отправил номер 58
2022-10-10 13:41:39,178 [INFO] Запрос принят
2022-10-10 13:41:39,625 [INFO]     * Отправил номер 58
2022-10-10 13:44:01,998 [INFO] Запрос принят
2022-10-10 13:44:02,385 [INFO]     * Отправил номер 3347
2022-10-10 13:48:21,800 [INFO] Запрос принят
2022-10-10 13:48:22,191 [INFO]     * Отправил /help
2022-10-10 14:00:25,407 [INFO] Запрос принят
2022-10-10 14:00:25,786 [INFO]     * Отправил номер 62
2022-10-10 14:01:23,770 [INFO] Запрос принят
2022-10-10 14:01:25,655 [INFO]     * Отправил сердечко
2022-10-10 14:01:33,579 [INFO] Запрос принят
2022-10-10 14:01:34,585 [INFO]     * Отправил сердечко
2022-10-10 14:01:50,053 [INFO] Запрос принят
2022-10-10 14:01:50,371 [INFO]     * Отправил /help
2022-10-10 14:19:54,770 [INFO] Запрос принят
2022-10-10 14:19:55,268 [INFO]     * Отправил номер 49
2022-10-11 02:07:07,337 [INFO] Запрос принят
2022-10-11 02:07:07,601 [INFO]     * Отправил статистику
2022-10-11 02:08:37,655 [INFO] Запрос принят
2022-10-11 02:08:38,172 [INFO]     * Отправил номер 21
2022-10-11 02:09:09,611 [INFO] Запрос принят
2022-10-11 02:09:09,867 [INFO] Измененное сообщение
2022-10-11 02:12:15,817 [INFO]     * Отправил номер 23
2022-10-11 02:12:21,808 [INFO]     * Отправил номер 23
2022-10-11 02:12:31,258 [INFO] Запрос принят от Demotivator_Stepan
2022-10-11 02:12:31,572 [INFO]     * Отправил номер 32
2022-10-11 02:12:39,641 [INFO] Запрос принят от Demotivator_Stepan
2022-10-11 02:12:39,972 [INFO]     * Отправил номер 123
2022-10-11 02:12:44,621 [INFO] Запрос принят от Demotivator_Stepan
2022-10-11 02:12:44,882 [INFO]     * Отправил /start
2022-10-11 02:13:18,872 [INFO] Запрос принят от Demotivator_Stepan
2022-10-11 02:13:19,158 [INFO]     * Отправил сердечко
2022-10-11 02:13:25,732 [INFO] Запрос принят от Demotivator_Stepan
2022-10-11 02:13:25,991 [INFO] Измененное сообщение
2022-10-11 02:13:34,563 [INFO] Запрос принят от Demotivator_Stepan
2022-10-11 02:13:34,817 [ERROR]     * Что-то пошло не так! 'text'
2022-10-11 02:14:09,538 [INFO] Запрос принят от Demotivator_Stepan
2022-10-11 02:14:09,790 [ERROR]     * Что-то пошло не так! 'text'
2022-10-11 02:14:19,267 [INFO] Запрос принят от Demotivator_Stepan
2022-10-11 02:14:19,515 [INFO]     * Отправил /start
2022-10-11 02:14:49,077 [INFO] Запрос принят от Demotivator_Stepan
2022-10-11 02:14:49,331 [INFO]     * Не номер "Теперь с именами"
2022-10-11 02:15:17,102 [INFO] Запрос принят от Demotivator_Stepan
2022-10-11 02:15:17,348 [INFO]     * Не могу распознать номер "Теперь с именами"
2022-10-11 02:15:49,612 [INFO] Запрос принят от Demotivator_Stepan
2022-10-11 02:15:49,859 [INFO]     * Не номер "Теперь с именами"
2022-10-11 02:17:41,074 [INFO] Запрос принят от Demotivator_Stepan
2022-10-11 02:17:41,525 [INFO]     * Отправил номер 165
2022-10-11 02:17:43,400 [INFO] Запрос принят от Demotivator_Stepan
2022-10-11 02:17:43,682 [INFO]     * Не номер "165ю1"
2022-10-11 02:17:46,992 [INFO] Запрос принят от Demotivator_Stepan
2022-10-11 02:17:47,255 [WARNING]     * Не нашел номера 165.1 в базе
2022-10-11 02:17:54,812 [INFO] Запрос принят от Demotivator_Stepan
2022-10-11 02:17:55,060 [WARNING]     * Не нашел номера 165.2 в базе
2022-10-11 02:17:58,232 [INFO] Запрос принят от Demotivator_Stepan
2022-10-11 02:17:58,464 [WARNING]     * Не нашел номера 165.3 в базе
2022-10-11 02:18:48,375 [INFO] Запрос принят от Demotivator_Stepan
2022-10-11 02:18:48,843 [INFO]     * Отправил номер 424
2022-10-11 02:18:51,757 [INFO] Запрос принят от Demotivator_Stepan
2022-10-11 02:18:52,000 [WARNING]     * Не нашел номера 424.1 в базе
2022-10-11 02:20:08,295 [INFO] Запрос принят от Demotivator_Stepan
2022-10-11 02:20:08,571 [INFO]     * Отправил номер 652
2022-10-11 02:20:13,830 [INFO] Запрос принят от Demotivator_Stepan
2022-10-11 02:20:14,122 [INFO]     * Отправил номер 652.1
2022-10-11 02:24:59,190 [INFO] Запрос принят от Demotivator_Stepan
2022-10-11 02:24:59,444 [WARNING]     * Не нашел номера 424.1 в базе
2022-10-11 02:24:59,689 [ERROR]     * Что-то пошло не так! [Errno 2] No such file or directory: 'images/424.1.gif'
2022-10-11 02:25:22,099 [INFO] Запрос принят от Demotivator_Stepan
2022-10-11 02:25:22,361 [WARNING]     * Не нашел номера 424.1 в базе
2022-10-11 02:25:22,772 [INFO]     * Отправил возможный номер 424
2022-10-11 02:26:14,919 [INFO] Запрос принят от Demotivator_Stepan
2022-10-11 02:26:15,167 [WARNING]     * Не нашел номера 12222222222222 в базе
2022-10-11 02:26:17,296 [INFO] Запрос принят от Demotivator_Stepan
2022-10-11 02:26:17,558 [WARNING]     * Не нашел номера 33333333333 в базе
2022-10-11 02:26:23,102 [INFO] Запрос принят от Demotivator_Stepan
2022-10-11 02:26:23,446 [INFO]     * Отправил номер 12
2022-10-11 02:26:25,687 [INFO] Запрос принят от Demotivator_Stepan
2022-10-11 02:26:25,929 [INFO]     * Не номер "вывыв"
2022-10-11 02:27:49,790 [INFO] Запрос принят от Demotivator_Stepan
2022-10-11 02:27:50,033 [WARNING]     * Не нашел номера 12. в базе
2022-10-11 02:27:50,351 [INFO]     * Отправил возможный номер 12
2022-10-11 02:27:56,400 [INFO] Запрос принят от Demotivator_Stepan
2022-10-11 02:27:56,643 [WARNING]     * Не нашел номера 12.3 в базе
2022-10-11 02:27:56,971 [INFO]     * Отправил возможный номер 12
2022-10-11 02:28:00,343 [INFO] Запрос принят от Demotivator_Stepan
2022-10-11 02:28:00,589 [INFO]     * Не номер "32.4."
2022-10-11 02:28:25,996 [INFO] Запрос принят от Demotivator_Stepan
2022-10-11 02:28:26,234 [INFO]     * Не номер "Бла бла бла"
2022-10-11 02:28:40,936 [INFO] Запрос принят от Demotivator_Stepan
2022-10-11 02:28:41,198 [WARNING]     * Не нашел номера 424.1 в базе
2022-10-11 02:28:41,610 [INFO]     * Отправил возможный номер 424
2022-10-11 02:29:50,363 [INFO] Запрос принят от Demotivator_Stepan
2022-10-11 02:29:50,604 [INFO]     * Не номер "Бла бла бла"
2022-10-11 02:29:55,604 [INFO] Запрос принят от Demotivator_Stepan
2022-10-11 02:29:55,903 [WARNING]     * Не нашел номера 424.1 в базе
2022-10-11 02:29:56,349 [INFO]     * Отправил возможный номер 424
2022-10-11 02:43:16,051 [INFO] Запрос принят от Demotivator_Stepan
2022-10-11 02:43:16,052 [INFO]     * Отправил номер 12
2022-10-11 02:44:39,626 [INFO] Запрос принят от Demotivator_Stepan
2022-10-11 02:44:39,626 [INFO]     * Отправил номер 23
2022-10-11 02:44:45,970 [INFO] Запрос принят от Demotivator_Stepan
2022-10-11 02:44:45,973 [INFO]     * Не номер "ssssssssssss"
2022-10-11 02:47:47,004 [INFO] Запрос принят от Demotivator_Stepan
2022-10-11 02:47:47,005 [INFO]     * Отправил номер 23
2022-10-11 02:57:15,898 [INFO] Запрос принят от Demotivator_Stepan
2022-10-11 02:57:16,228 [INFO]     * Отправил номер 3
2022-10-11 02:57:17,631 [INFO] Запрос принят от Demotivator_Stepan
2022-10-11 02:57:17,951 [INFO]     * Отправил номер 23
2022-10-11 02:57:21,980 [INFO] Запрос принят от Demotivator_Stepan
2022-10-11 02:57:22,242 [INFO]     * Не номер "dddddddddd"
2022-10-11 02:57:24,174 [INFO] Запрос принят от Demotivator_Stepan
2022-10-11 02:57:24,541 [INFO]     * Отправил номер 2
2022-10-11 02:57:25,291 [INFO] Запрос принят от Demotivator_Stepan
2022-10-11 02:57:25,533 [INFO]     * Отправил номер 2
2022-10-11 02:57:25,533 [INFO] Запрос принят от Demotivator_Stepan
2022-10-11 02:57:25,849 [INFO]     * Отправил номер 23
2022-10-11 02:57:26,581 [INFO] Запрос принят от Demotivator_Stepan
2022-10-11 02:57:26,909 [INFO]     * Отправил номер 23
2022-10-11 02:57:26,909 [INFO] Запрос принят от Demotivator_Stepan
2022-10-11 02:57:27,212 [INFO]     * Отправил номер 2323
2022-10-11 02:57:27,213 [INFO] Запрос принят от Demotivator_Stepan
2022-10-11 02:57:27,535 [INFO]     * Отправил номер 23
2022-10-11 02:57:27,536 [INFO] Запрос принят от Demotivator_Stepan
2022-10-11 02:57:27,862 [INFO]     * Отправил номер 23
2022-10-11 02:57:27,862 [INFO] Запрос принят от Demotivator_Stepan
2022-10-11 02:57:28,181 [INFO]     * Отправил номер 23
2022-10-11 02:57:28,181 [INFO] Запрос принят от Demotivator_Stepan
2022-10-11 02:57:28,511 [INFO]     * Отправил номер 23
2022-10-11 02:57:28,511 [INFO] Запрос принят от Demotivator_Stepan
2022-10-11 02:57:28,882 [INFO]     * Отправил номер 23
2022-10-11 02:57:28,882 [INFO] Запрос принят от Demotivator_Stepan
2022-10-11 02:57:29,236 [INFO]     * Отправил номер 23
2022-10-11 02:57:29,967 [INFO] Запрос принят от Demotivator_Stepan
2022-10-11 02:57:30,292 [INFO]     * Отправил номер 23
2022-10-11 02:57:31,032 [INFO] Запрос принят от Demotivator_Stepan
2022-10-11 02:57:31,289 [INFO]     * Отправил номер 32
2022-10-11 02:57:31,289 [INFO] Запрос принят от Demotivator_Stepan
2022-10-11 02:57:31,537 [INFO]     * Отправил номер 32
2022-10-11 02:57:31,537 [INFO] Запрос принят от Demotivator_Stepan
2022-10-11 02:57:31,857 [INFO]     * Отправил номер 23
2022-10-11 02:57:31,857 [INFO] Запрос принят от Demotivator_Stepan
2022-10-11 02:57:32,177 [INFO]     * Отправил номер 23
2022-10-11 02:57:32,937 [INFO] Запрос принят от Demotivator_Stepan
2022-10-11 02:57:33,256 [INFO]     * Отправил номер 23
2022-10-11 02:57:33,256 [INFO] Запрос принят от Demotivator_Stepan
2022-10-11 02:57:33,584 [INFO]     * Отправил номер 23
2022-10-11 02:57:33,585 [INFO] Запрос принят от Demotivator_Stepan
2022-10-11 02:57:33,913 [INFO]     * Отправил номер 23
2022-10-11 02:57:33,913 [INFO] Запрос принят от Demotivator_Stepan
2022-10-11 02:57:34,227 [INFO]     * Отправил номер 23
2022-10-11 02:57:34,227 [INFO] Запрос принят от Demotivator_Stepan
2022-10-11 02:57:34,543 [INFO]     * Отправил номер 23
2022-10-11 02:57:34,543 [INFO] Запрос принят от Demotivator_Stepan
2022-10-11 02:57:34,937 [INFO]     * Отправил номер 23
2022-10-11 02:57:34,937 [INFO] Запрос принят от Demotivator_Stepan
2022-10-11 02:57:35,254 [INFO]     * Отправил номер 23
2022-10-11 02:57:35,254 [INFO] Запрос принят от Demotivator_Stepan
2022-10-11 02:57:35,593 [INFO]     * Отправил номер 23
2022-10-11 03:04:17,646 [INFO] Запрос принят от Demotivator_Stepan
2022-10-11 03:04:18,001 [INFO]     * Отправил номер 23
2022-10-11 03:04:20,260 [INFO] Запрос принят от Demotivator_Stepan
2022-10-11 03:04:20,646 [INFO]     * Отправил номер 56
2022-10-11 03:04:23,084 [INFO] Запрос принят от Demotivator_Stepan
2022-10-11 03:04:23,342 [INFO]     * Не номер "ssssssss"
2022-10-11 03:04:24,655 [INFO] Запрос принят от Demotivator_Stepan
2022-10-11 03:04:25,026 [INFO]     * Отправил номер 23
2022-10-11 03:04:25,751 [INFO] Запрос принят от Demotivator_Stepan
2022-10-11 03:04:26,069 [INFO]     * Отправил номер 23
2022-10-11 03:04:26,069 [INFO] Запрос принят от Demotivator_Stepan
2022-10-11 03:04:26,334 [INFO]     * Отправил номер 32
2022-10-11 03:04:26,334 [INFO] Запрос принят от Demotivator_Stepan
2022-10-11 03:04:26,650 [INFO]     * Отправил номер 23
2022-10-11 03:04:26,650 [INFO] Запрос принят от Demotivator_Stepan
2022-10-11 03:04:26,920 [INFO]     * Отправил номер 2323
2022-10-11 03:04:26,921 [INFO] Запрос принят от Demotivator_Stepan
2022-10-11 03:04:27,276 [INFO]     * Отправил номер 23
2022-10-11 03:04:27,277 [INFO] Запрос принят от Demotivator_Stepan
2022-10-11 03:04:27,617 [INFO]     * Отправил номер 23
2022-10-11 03:04:30,290 [INFO] Запрос принят от Demotivator_Stepan
2022-10-11 03:04:30,618 [INFO]     * Отправил номер 23
2022-10-11 03:04:31,350 [INFO] Запрос принят от Demotivator_Stepan
2022-10-11 03:04:31,656 [INFO]     * Отправил номер 23
2022-10-11 03:04:31,656 [INFO] Запрос принят от Demotivator_Stepan
2022-10-11 03:04:31,963 [INFO]     * Отправил номер 23
2022-10-11 03:04:31,963 [INFO] Запрос принят от Demotivator_Stepan
2022-10-11 03:04:32,304 [INFO]     * Отправил номер 23
2022-10-11 03:04:32,304 [INFO] Запрос принят от Demotivator_Stepan
2022-10-11 03:04:32,555 [INFO]     * Отправил номер 32
2022-10-11 03:04:32,556 [INFO] Запрос принят от Demotivator_Stepan
2022-10-11 03:04:32,897 [INFO]     * Отправил номер 23
2022-10-11 03:04:32,897 [INFO] Запрос принят от Demotivator_Stepan
2022-10-11 03:04:33,254 [INFO]     * Отправил номер 23
2022-10-11 03:04:33,254 [INFO] Запрос принят от Demotivator_Stepan
2022-10-11 03:04:33,628 [INFO]     * Отправил номер 23
2022-10-11 03:04:34,356 [INFO] Запрос принят от Demotivator_Stepan
2022-10-11 03:04:34,606 [INFO]     * Отправил номер 32
2022-10-11 03:04:34,606 [INFO] Запрос принят от Demotivator_Stepan
2022-10-11 03:04:34,972 [INFO]     * Отправил номер 23
2022-10-11 03:04:34,972 [INFO] Запрос принят от Demotivator_Stepan
2022-10-11 03:04:35,221 [INFO]     * Отправил номер 32
2022-10-11 03:04:35,221 [INFO] Запрос принят от Demotivator_Stepan
2022-10-11 03:04:35,557 [INFO]     * Отправил номер 23
2022-10-11 03:04:35,557 [INFO] Запрос принят от Demotivator_Stepan
2022-10-11 03:04:35,881 [INFO]     * Отправил номер 23
2022-10-11 03:04:35,881 [INFO] Запрос принят от Demotivator_Stepan
2022-10-11 03:04:36,220 [INFO]     * Отправил номер 23
2022-10-11 03:04:36,221 [INFO] Запрос принят от Demotivator_Stepan
2022-10-11 03:04:36,599 [INFO]     * Отправил номер 23
2022-10-11 03:04:36,599 [INFO] Запрос принят от Demotivator_Stepan
2022-10-11 03:04:36,939 [INFO]     * Отправил номер 23
2022-10-11 03:04:36,939 [INFO] Запрос принят от Demotivator_Stepan
2022-10-11 03:04:37,246 [INFO]     * Отправил номер 23
2022-10-11 03:04:37,246 [INFO] Запрос принят от Demotivator_Stepan
2022-10-11 03:04:37,587 [INFO]     * Отправил номер 23
2022-10-11 03:04:37,587 [INFO] Запрос принят от Demotivator_Stepan
2022-10-11 03:04:37,901 [INFO]     * Отправил номер 23
2022-10-11 03:04:37,901 [INFO] Запрос принят от Demotivator_Stepan
2022-10-11 03:04:38,198 [INFO]     * Отправил номер 32
2022-10-11 03:04:38,198 [INFO] Запрос принят от Demotivator_Stepan
2022-10-11 03:04:38,526 [INFO]     * Отправил номер 32
2022-10-11 03:04:38,526 [INFO] Запрос принят от Demotivator_Stepan
2022-10-11 03:04:38,864 [INFO]     * Отправил номер 23
2022-10-11 03:04:38,864 [INFO] Запрос принят от Demotivator_Stepan
2022-10-11 03:04:39,142 [INFO]     * Отправил номер 32
2022-10-11 03:04:39,143 [INFO] Запрос принят от Demotivator_Stepan
2022-10-11 03:04:39,484 [INFO]     * Отправил номер 23
2022-10-11 03:04:39,484 [INFO] Запрос принят от Demotivator_Stepan
2022-10-11 03:04:39,749 [INFO]     * Отправил номер 2323
2022-10-11 03:04:39,749 [INFO] Запрос принят от Demotivator_Stepan
2022-10-11 03:04:40,079 [INFO]     * Отправил номер 23
2022-10-11 03:04:40,079 [INFO] Запрос принят от Demotivator_Stepan
2022-10-11 03:04:40,395 [INFO]     * Отправил номер 23
2022-10-11 03:04:41,131 [INFO] Запрос принят от Demotivator_Stepan
2022-10-11 03:04:41,390 [INFO]     * Отправил номер 32
2022-10-11 03:04:45,522 [INFO] Запрос принят от Demotivator_Stepan
2022-10-11 03:04:45,775 [WARNING]     * Не нашел номера 451.1 в базе
2022-10-11 03:04:46,138 [INFO]     * Отправил возможный номер 451
2022-10-11 03:04:51,541 [INFO] Запрос принят от Demotivator_Stepan
2022-10-11 03:04:51,800 [INFO]     * Не номер "dfsfsdfdsf"
2022-10-11 03:04:52,531 [INFO] Запрос принят от Demotivator_Stepan
2022-10-11 03:04:52,843 [INFO]     * Не номер "sdfs"
2022-10-11 03:04:52,843 [INFO] Запрос принят от Demotivator_Stepan
2022-10-11 03:04:53,087 [INFO]     * Не номер "dsf"
2022-10-11 03:04:53,087 [INFO] Запрос принят от Demotivator_Stepan
2022-10-11 03:04:53,336 [INFO]     * Не номер "sdfdf"
2022-10-11 03:04:53,336 [INFO] Запрос принят от Demotivator_Stepan
2022-10-11 03:04:53,584 [INFO]     * Не номер "fds"
2022-10-11 03:04:53,584 [INFO] Запрос принят от Demotivator_Stepan
2022-10-11 03:04:53,828 [INFO]     * Не номер "fsd"
2022-10-11 03:04:54,562 [INFO] Запрос принят от Demotivator_Stepan
2022-10-11 03:04:54,830 [INFO]     * Не номер "d"
2022-10-11 03:04:54,830 [INFO] Запрос принят от Demotivator_Stepan
2022-10-11 03:04:55,098 [INFO]     * Не номер "fsd"
2022-10-11 03:04:55,098 [INFO] Запрос принят от Demotivator_Stepan
2022-10-11 03:04:55,415 [INFO]     * Не номер "sfds"
2022-10-11 03:04:55,415 [INFO] Запрос принят от Demotivator_Stepan
2022-10-11 03:04:55,724 [INFO]     * Не номер "f"
2022-10-11 03:04:55,724 [INFO] Запрос принят от Demotivator_Stepan
2022-10-11 03:04:56,151 [INFO]     * Не номер "dsf"
2022-10-11 03:04:56,151 [INFO] Запрос принят от Demotivator_Stepan
2022-10-11 03:04:56,493 [INFO]     * Не номер "dsfdsfdsdsfdsfdsf"
2022-10-11 03:04:56,494 [INFO] Запрос принят от Demotivator_Stepan
2022-10-11 03:04:56,733 [INFO]     * Не номер "dsfd"
2022-10-11 03:04:56,733 [INFO] Запрос принят от Demotivator_Stepan
2022-10-11 03:04:56,977 [INFO]     * Не номер "sf"
2022-10-11 03:04:56,977 [INFO] Запрос принят от Demotivator_Stepan
2022-10-11 03:04:57,230 [INFO]     * Не номер "sfd"
2022-10-11 03:04:57,231 [INFO] Запрос принят от Demotivator_Stepan
2022-10-11 03:04:57,468 [INFO]     * Не номер "sfd"
2022-10-11 03:04:58,215 [INFO] Запрос принят от Demotivator_Stepan
2022-10-11 03:04:58,467 [INFO]     * Не номер "sd"
2022-10-11 03:05:10,677 [INFO] Запрос принят от Demotivator_Stepan
2022-10-11 03:05:11,009 [INFO]     * Отправил номер 23
2022-10-11 03:11:03,905 [ERROR] Unclosed client session
client_session: <aiohttp.client.ClientSession object at 0x000002967FA1D5A0>
2022-10-11 03:11:25,448 [ERROR] Unclosed client session
client_session: <aiohttp.client.ClientSession object at 0x000001C059C9D570>
2022-10-11 03:12:02,424 [ERROR] Unclosed client session
client_session: <aiohttp.client.ClientSession object at 0x000001776125D570>
2022-10-11 03:12:45,347 [ERROR] Unclosed client session
client_session: <aiohttp.client.ClientSession object at 0x000001FDFAFDD570>
2022-10-11 03:13:14,776 [ERROR] Unclosed client session
client_session: <aiohttp.client.ClientSession object at 0x000001A862A3D570>
2022-10-11 03:16:05,774 [ERROR] Unclosed client session
client_session: <aiohttp.client.ClientSession object at 0x0000025EFF21D570>
2022-10-11 03:18:35,978 [INFO] Запрос принят от Demotivator_Stepan
2022-10-11 03:18:36,444 [ERROR]     * Что-то пошло не так! Cannot serialize non-str key <_io.BufferedReader name='images/32.gif'>
2022-10-11 03:18:39,966 [INFO] Запрос принят от Demotivator_Stepan
2022-10-11 03:18:40,351 [ERROR]     * Что-то пошло не так! Cannot serialize non-str key <_io.BufferedReader name='images/42.gif'>
2022-10-11 03:18:49,315 [INFO] Запрос принят от Demotivator_Stepan
2022-10-11 03:18:49,549 [INFO]     * Не номер "wwwwwwwwwww"
2022-10-11 03:21:14,221 [INFO] Запрос принят от Demotivator_Stepan
2022-10-11 03:21:14,430 [INFO]     * Отправил номер 23
2022-10-11 03:21:17,932 [INFO] Запрос принят от Demotivator_Stepan
2022-10-11 03:21:18,136 [INFO]     * Отправил номер 23
2022-10-11 03:23:34,527 [INFO] Запрос принят от Demotivator_Stepan
2022-10-11 03:23:34,743 [INFO]     * Отправил номер 23
2022-10-11 03:23:38,415 [INFO] Запрос принят от Demotivator_Stepan
2022-10-11 03:23:38,638 [INFO]     * Отправил номер 43
2022-10-11 03:25:27,432 [INFO] Запрос принят от Demotivator_Stepan
2022-10-11 03:25:27,644 [INFO]     * Отправил номер 23
2022-10-11 03:28:17,402 [INFO] Запрос принят от Demotivator_Stepan
2022-10-11 03:28:17,683 [INFO]     * Отправил номер 23
2022-10-11 03:28:26,644 [INFO] Запрос принят от Demotivator_Stepan
2022-10-11 03:28:26,889 [INFO]     * Отправил номер 32
2022-10-11 03:28:28,118 [INFO] Запрос принят от Demotivator_Stepan
2022-10-11 03:28:28,398 [INFO]     * Отправил номер 43
2022-10-11 03:28:57,220 [INFO] Запрос принят от Demotivator_Stepan
2022-10-11 03:28:57,467 [INFO]     * Отправил номер 32
2022-10-11 03:29:09,744 [INFO] Запрос принят от Demotivator_Stepan
2022-10-11 03:29:09,984 [INFO]     * Не номер "ddddddddddddddd"
2022-10-11 03:29:11,510 [INFO] Запрос принят от Demotivator_Stepan
2022-10-11 03:29:11,792 [INFO]     * Отправил номер 23
2022-10-11 03:29:26,167 [INFO] Запрос принят от Demotivator_Stepan
2022-10-11 03:30:28,233 [INFO] Запрос принят от Demotivator_Stepan
2022-10-11 03:30:28,583 [INFO]     * Отправил номер 23
2022-10-11 03:30:29,342 [INFO] Запрос принят от Demotivator_Stepan
2022-10-11 03:30:29,598 [INFO]     * Отправил номер 32
2022-10-11 03:30:31,602 [INFO] Запрос принят от Demotivator_Stepan
2022-10-11 03:30:31,858 [INFO]     * Отправил номер 2323
2022-10-11 03:30:32,982 [INFO] Запрос принят от Demotivator_Stepan
2022-10-11 03:30:33,279 [INFO]     * Отправил номер 23
2022-10-11 03:30:34,021 [INFO] Запрос принят от Demotivator_Stepan
2022-10-11 03:30:34,022 [INFO] Запрос принят от Demotivator_Stepan
2022-10-11 03:30:34,023 [INFO] Запрос принят от Demotivator_Stepan
2022-10-11 03:30:34,025 [INFO] Запрос принят от Demotivator_Stepan
2022-10-11 03:30:34,026 [INFO] Запрос принят от Demotivator_Stepan
2022-10-11 03:30:34,027 [INFO] Запрос принят от Demotivator_Stepan
2022-10-11 03:30:34,278 [INFO]     * Отправил номер 32
2022-10-11 03:30:34,335 [INFO]     * Отправил номер 23
2022-10-11 03:30:34,358 [INFO]     * Отправил номер 23
2022-10-11 03:30:34,382 [INFO]     * Отправил номер 23
2022-10-11 03:30:34,403 [INFO]     * Отправил номер 23
2022-10-11 03:30:34,425 [INFO]     * Отправил номер 23
2022-10-11 03:30:35,430 [INFO] Запрос принят от Demotivator_Stepan
2022-10-11 03:30:35,736 [INFO]     * Отправил номер 23
2022-10-11 03:30:36,463 [INFO] Запрос принят от Demotivator_Stepan
2022-10-11 03:30:36,464 [INFO] Запрос принят от Demotivator_Stepan
2022-10-11 03:30:36,465 [INFO] Запрос принят от Demotivator_Stepan
2022-10-11 03:30:36,466 [INFO] Запрос принят от Demotivator_Stepan
2022-10-11 03:30:36,467 [INFO] Запрос принят от Demotivator_Stepan
2022-10-11 03:30:36,469 [INFO] Запрос принят от Demotivator_Stepan
2022-10-11 03:30:36,470 [INFO] Запрос принят от Demotivator_Stepan
2022-10-11 03:30:36,725 [INFO]     * Отправил номер 32
2022-10-11 03:30:36,770 [INFO]     * Отправил номер 23
2022-10-11 03:30:36,791 [INFO]     * Отправил номер 23
2022-10-11 03:30:36,812 [INFO]     * Отправил номер 23
2022-10-11 03:30:36,839 [INFO]     * Отправил номер 23
2022-10-11 03:30:36,864 [INFO]     * Отправил номер 23
2022-10-11 03:30:36,889 [INFO]     * Отправил номер 23
2022-10-11 03:30:37,643 [INFO] Запрос принят от Demotivator_Stepan
2022-10-11 03:30:37,645 [INFO] Запрос принят от Demotivator_Stepan
2022-10-11 03:30:37,646 [INFO] Запрос принят от Demotivator_Stepan
2022-10-11 03:30:37,647 [INFO] Запрос принят от Demotivator_Stepan
2022-10-11 03:30:37,649 [INFO] Запрос принят от Demotivator_Stepan
2022-10-11 03:30:37,650 [INFO] Запрос принят от Demotivator_Stepan
2022-10-11 03:30:37,925 [INFO]     * Отправил номер 2
2022-10-11 03:30:37,948 [INFO]     * Отправил номер 3
2022-10-11 03:30:37,968 [INFO]     * Отправил номер 23
2022-10-11 03:30:37,990 [INFO]     * Отправил номер 23
2022-10-11 03:30:38,027 [INFO]     * Отправил номер 23
2022-10-11 03:30:38,029 [INFO]     * Отправил номер 23
2022-10-11 03:34:28,338 [INFO] Запрос принят от Demotivator_Stepan
2022-10-11 03:34:28,340 [INFO]     * Отправил номер 32
2022-10-11 03:34:32,253 [INFO] Запрос принят от Demotivator_Stepan
2022-10-11 03:34:32,253 [INFO]     * Отправил номер 23
2022-10-11 03:34:33,244 [INFO] Запрос принят от Demotivator_Stepan
2022-10-11 03:34:33,245 [INFO]     * Отправил номер 2323
2022-10-11 03:34:33,291 [INFO] Запрос принят от Demotivator_Stepan
2022-10-11 03:34:33,291 [INFO]     * Отправил номер 23
2022-10-11 03:34:33,304 [INFO] Запрос принят от Demotivator_Stepan
2022-10-11 03:34:33,304 [INFO]     * Отправил номер 23
2022-10-11 03:34:33,318 [INFO] Запрос принят от Demotivator_Stepan
2022-10-11 03:34:33,319 [INFO]     * Отправил номер 23
2022-10-11 03:34:33,334 [INFO] Запрос принят от Demotivator_Stepan
2022-10-11 03:34:33,334 [INFO]     * Отправил номер 23
2022-10-11 03:34:36,947 [INFO] Запрос принят от Demotivator_Stepan
2022-10-11 03:34:36,948 [INFO]     * Не номер "sdsdddddd"
2022-10-11 03:34:38,464 [INFO] Запрос принят от Demotivator_Stepan
2022-10-11 03:34:38,464 [INFO]     * Не номер "sdsd"
2022-10-11 03:34:39,432 [INFO] Запрос принят от Demotivator_Stepan
2022-10-11 03:34:39,432 [INFO]     * Не номер "sd"
2022-10-11 03:34:39,457 [INFO] Запрос принят от Demotivator_Stepan
2022-10-11 03:34:39,458 [INFO]     * Не номер "sdsd"
2022-10-11 03:34:43,240 [INFO] Запрос принят от Demotivator_Stepan
2022-10-11 03:34:43,240 [INFO]     * Не номер "sd"
2022-10-11 03:34:44,210 [INFO] Запрос принят от Demotivator_Stepan
2022-10-11 03:34:44,211 [INFO]     * Не номер "ssd"
2022-10-11 03:34:44,222 [INFO] Запрос принят от Demotivator_Stepan
2022-10-11 03:34:44,223 [INFO]     * Не номер "sd"
2022-10-11 03:34:44,243 [INFO] Запрос принят от Demotivator_Stepan
2022-10-11 03:34:44,243 [INFO]     * Не номер "sd"
2022-10-11 03:34:44,260 [INFO] Запрос принят от Demotivator_Stepan
2022-10-11 03:34:44,260 [INFO]     * Не номер "sdd"
2022-10-11 03:34:44,282 [INFO] Запрос принят от Demotivator_Stepan
2022-10-11 03:34:44,282 [INFO]     * Не номер "sd"
2022-10-11 03:34:44,302 [INFO] Запрос принят от Demotivator_Stepan
2022-10-11 03:34:44,302 [INFO]     * Не номер "sd"
2022-10-11 03:34:45,294 [INFO] Запрос принят от Demotivator_Stepan
2022-10-11 03:34:45,294 [INFO]     * Не номер "sd"
2022-10-11 03:34:50,218 [INFO] Запрос принят от Demotivator_Stepan
2022-10-11 03:34:50,218 [INFO]     * Не номер "233 2"
2022-10-11 03:34:51,202 [INFO] Запрос принят от Demotivator_Stepan
2022-10-11 03:34:51,202 [INFO]     * Отправил номер 32
2022-10-11 03:34:51,228 [INFO] Запрос принят от Demotivator_Stepan
2022-10-11 03:34:51,228 [INFO]     * Отправил номер 32
2022-10-11 03:34:51,249 [INFO] Запрос принят от Demotivator_Stepan
2022-10-11 03:34:51,249 [INFO]     * Отправил номер 32
2022-10-11 03:34:51,267 [INFO] Запрос принят от Demotivator_Stepan
2022-10-11 03:34:51,267 [INFO]     * Отправил номер 23
2022-10-11 03:34:51,286 [INFO] Запрос принят от Demotivator_Stepan
2022-10-11 03:34:51,287 [INFO]     * Отправил номер 23
2022-10-11 03:34:51,320 [INFO] Запрос принят от Demotivator_Stepan
2022-10-11 03:34:51,321 [INFO]     * Отправил номер 23
2022-10-11 03:34:51,335 [INFO] Запрос принят от Demotivator_Stepan
2022-10-11 03:34:51,336 [INFO]     * Отправил номер 23
2022-10-11 03:34:52,413 [INFO] Запрос принят от Demotivator_Stepan
2022-10-11 03:34:52,414 [INFO]     * Отправил номер 23
2022-10-11 03:35:48,249 [INFO] Запрос принят от Demotivator_Stepan
2022-10-11 03:35:48,249 [INFO]     * Не номер "уар"
2022-10-11 03:35:52,982 [INFO] Запрос принят от Demotivator_Stepan
2022-10-11 03:35:52,982 [WARNING]     * Не нашел номера 144.1 в базе
2022-10-11 03:35:52,982 [INFO]     * Отправил возможный номер 144
